<!DOCTYPE html PUBLIC "-//W3C//DTD XHTML 1.1//EN" "https://www.w3.org/TR/xhtml11/DTD/xhtml11.dtd">
<html xmlns="https://www.w3.org/1999/xhtml">
<head>
<meta http-equiv="content-type" content="text/html; charset=UTF-8"/>
<title>TestNG Report</title>
<style type="text/css">table {margin-bottom:10px;border-collapse:collapse;empty-cells:show}th,td {border:1px solid #009;padding:.25em .5em}th {vertical-align:bottom}td {vertical-align:top}table a {font-weight:bold}.stripe td {background-color: #E6EBF9}.num {text-align:right}.passedodd td {background-color: #3F3}.passedeven td {background-color: #0A0}.skippedodd td {background-color: #DDD}.skippedeven td {background-color: #CCC}.failedodd td,.attn {background-color: #F33}.failedeven td,.stripe .attn {background-color: #D00}.stacktrace {white-space:pre;font-family:monospace}.totop {font-size:85%;text-align:center;border-bottom:2px solid #000}.invisible {display:none}</style>
</head>
<body>
<table>
<tr><th>Test</th><th># Passed</th><th># Skipped</th><th># Retried</th><th># Failed</th><th>Time (ms)</th><th>Included Groups</th><th>Excluded Groups</th></tr>
<tr><th colspan="8">WebSuite</th></tr>
<tr><td><a href="#t0">Test</a></td><td class="num">0</td><td class="num attn">4</td><td class="num">0</td><td class="num">0</td><td class="num">85</td><td></td><td></td></tr>
</table>
<table id='summary'><thead><tr><th>Class</th><th>Method</th><th>Start</th><th>Time (ms)</th></tr></thead><tbody><tr><th colspan="4">WebSuite</th></tr></tbody><tbody id="t0"><tr><th colspan="4">Test &#8212; failed (configuration methods)</th></tr><tr class="failedeven"><td rowspan="1">webTests.CompleteFlow</td><td><a href="#m0">setup</a></td><td rowspan="1">1733053405258</td><td rowspan="1">10</td></tr><tr class="failedodd"><td rowspan="1">webTests.RegistrationFlow</td><td><a href="#m1">setup</a></td><td rowspan="1">1733053405258</td><td rowspan="1">10</td></tr><tr class="failedeven"><td rowspan="1">webTests.VerifyAllItemsDisplayed</td><td><a href="#m2">setup</a></td><td rowspan="1">1733053405258</td><td rowspan="1">10</td></tr><tr class="failedodd"><td rowspan="1">webTests.VerifyProductPopupAndReview</td><td><a href="#m3">setup</a></td><td rowspan="1">1733053405258</td><td rowspan="1">10</td></tr><tr><th colspan="4">Test &#8212; skipped (configuration methods)</th></tr><tr class="skippedeven"><td rowspan="1">webTests.CompleteFlow</td><td><a href="#m4">teardown</a></td><td rowspan="1">1733053405303</td><td rowspan="1">-1733053405303</td></tr><tr class="skippedodd"><td rowspan="1">webTests.RegistrationFlow</td><td><a href="#m5">teardown</a></td><td rowspan="1">1733053405292</td><td rowspan="1">-1733053405292</td></tr><tr class="skippedeven"><td rowspan="1">webTests.VerifyAllItemsDisplayed</td><td><a href="#m6">teardown</a></td><td rowspan="1">1733053405297</td><td rowspan="1">-1733053405297</td></tr><tr class="skippedodd"><td rowspan="1">webTests.VerifyProductPopupAndReview</td><td><a href="#m7">teardown</a></td><td rowspan="1">1733053405302</td><td rowspan="1">-1733053405302</td></tr><tr><th colspan="4">Test &#8212; skipped</th></tr><tr class="skippedeven"><td rowspan="1">webTests.CompleteFlow</td><td><a href="#m8">CompleteFlowTest</a></td><td rowspan="1">1733053405290</td><td rowspan="1">0</td></tr><tr class="skippedodd"><td rowspan="1">webTests.RegistrationFlow</td><td><a href="#m9">RegistrationFlowTest</a></td><td rowspan="1">1733053405285</td><td rowspan="1">0</td></tr><tr class="skippedeven"><td rowspan="1">webTests.VerifyAllItemsDisplayed</td><td><a href="#m10">VerifyAllItemsDisplayedTest</a></td><td rowspan="1">1733053405287</td><td rowspan="1">0</td></tr><tr class="skippedodd"><td rowspan="1">webTests.VerifyProductPopupAndReview</td><td><a href="#m11">VerifyProductPopupAndReviewTest</a></td><td rowspan="1">1733053405285</td><td rowspan="1">0</td></tr></tbody>
</table>
<h2>Test</h2><h3 id="m0">webTests.CompleteFlow#setup</h3><table class="result"><tr><th>Exception</th></tr><tr><td><div class="stacktrace">java.lang.NoClassDefFoundError: Could not initialize class commonUtilities.ConfigReader
	at base.BaseClass.setup(BaseClass.java:17)
	at java.base/java.util.concurrent.ThreadPoolExecutor.runWorker(ThreadPoolExecutor.java:1144)
	at java.base/java.util.concurrent.ThreadPoolExecutor$Worker.run(ThreadPoolExecutor.java:642)
	at java.base/java.lang.Thread.run(Thread.java:1623)
Caused by: java.lang.ExceptionInInitializerError: Exception java.lang.IllegalArgumentException: Platform not specified. Please set the &apos;platform&apos; environment variable. [in thread &quot;TestNG-test=Test-2&quot;]
	at commonUtilities.ConfigReader.&lt;clinit&gt;(ConfigReader.java:19)
	... 18 more
... Removed 14 stack frames</div></td></tr></table><p class="totop"><a href="#summary">back to summary</a></p>
<h3 id="m1">webTests.RegistrationFlow#setup</h3><table class="result"><tr><th>Exception</th></tr><tr><td><div class="stacktrace">java.lang.ExceptionInInitializerError
	at base.BaseClass.setup(BaseClass.java:17)
	at java.base/java.util.concurrent.ThreadPoolExecutor.runWorker(ThreadPoolExecutor.java:1144)
	at java.base/java.util.concurrent.ThreadPoolExecutor$Worker.run(ThreadPoolExecutor.java:642)
	at java.base/java.lang.Thread.run(Thread.java:1623)
Caused by: java.lang.IllegalArgumentException: Platform not specified. Please set the &apos;platform&apos; environment variable.
	at commonUtilities.ConfigReader.&lt;clinit&gt;(ConfigReader.java:19)
	... 18 more
... Removed 14 stack frames</div></td></tr></table><p class="totop"><a href="#summary">back to summary</a></p>
<h3 id="m2">webTests.VerifyAllItemsDisplayed#setup</h3><table class="result"><tr><th>Exception</th></tr><tr><td><div class="stacktrace">java.lang.NoClassDefFoundError: Could not initialize class commonUtilities.ConfigReader
	at base.BaseClass.setup(BaseClass.java:17)
	at java.base/java.util.concurrent.ThreadPoolExecutor.runWorker(ThreadPoolExecutor.java:1144)
	at java.base/java.util.concurrent.ThreadPoolExecutor$Worker.run(ThreadPoolExecutor.java:642)
	at java.base/java.lang.Thread.run(Thread.java:1623)
Caused by: java.lang.ExceptionInInitializerError: Exception java.lang.IllegalArgumentException: Platform not specified. Please set the &apos;platform&apos; environment variable. [in thread &quot;TestNG-test=Test-2&quot;]
	at commonUtilities.ConfigReader.&lt;clinit&gt;(ConfigReader.java:19)
	... 18 more
... Removed 14 stack frames</div></td></tr></table><p class="totop"><a href="#summary">back to summary</a></p>
<h3 id="m3">webTests.VerifyProductPopupAndReview#setup</h3><table class="result"><tr><th>Exception</th></tr><tr><td><div class="stacktrace">java.lang.NoClassDefFoundError: Could not initialize class commonUtilities.ConfigReader
	at base.BaseClass.setup(BaseClass.java:17)
	at java.base/java.util.concurrent.ThreadPoolExecutor.runWorker(ThreadPoolExecutor.java:1144)
	at java.base/java.util.concurrent.ThreadPoolExecutor$Worker.run(ThreadPoolExecutor.java:642)
	at java.base/java.lang.Thread.run(Thread.java:1623)
Caused by: java.lang.ExceptionInInitializerError: Exception java.lang.IllegalArgumentException: Platform not specified. Please set the &apos;platform&apos; environment variable. [in thread &quot;TestNG-test=Test-2&quot;]
	at commonUtilities.ConfigReader.&lt;clinit&gt;(ConfigReader.java:19)
	... 18 more
... Removed 14 stack frames</div></td></tr></table><p class="totop"><a href="#summary">back to summary</a></p>
<h3 id="m4">webTests.CompleteFlow#teardown</h3><table class="result"><tr><th class="invisible"/></tr></table><p class="totop"><a href="#summary">back to summary</a></p>
<h3 id="m5">webTests.RegistrationFlow#teardown</h3><table class="result"><tr><th class="invisible"/></tr></table><p class="totop"><a href="#summary">back to summary</a></p>
<h3 id="m6">webTests.VerifyAllItemsDisplayed#teardown</h3><table class="result"><tr><th class="invisible"/></tr></table><p class="totop"><a href="#summary">back to summary</a></p>
<h3 id="m7">webTests.VerifyProductPopupAndReview#teardown</h3><table class="result"><tr><th class="invisible"/></tr></table><p class="totop"><a href="#summary">back to summary</a></p>
<h3 id="m8">webTests.CompleteFlow#CompleteFlowTest</h3><table class="result"><tr><th>Exception</th></tr><tr><td><div class="stacktrace">java.lang.NoClassDefFoundError: Could not initialize class commonUtilities.ConfigReader
	at base.BaseClass.setup(BaseClass.java:17)
	at java.base/java.util.concurrent.ThreadPoolExecutor.runWorker(ThreadPoolExecutor.java:1144)
	at java.base/java.util.concurrent.ThreadPoolExecutor$Worker.run(ThreadPoolExecutor.java:642)
	at java.base/java.lang.Thread.run(Thread.java:1623)
Caused by: java.lang.ExceptionInInitializerError: Exception java.lang.IllegalArgumentException: Platform not specified. Please set the &apos;platform&apos; environment variable. [in thread &quot;TestNG-test=Test-2&quot;]
	at commonUtilities.ConfigReader.&lt;clinit&gt;(ConfigReader.java:19)
	... 18 more
... Removed 14 stack frames</div></td></tr></table><p class="totop"><a href="#summary">back to summary</a></p>
<h3 id="m9">webTests.RegistrationFlow#RegistrationFlowTest</h3><table class="result"><tr><th>Exception</th></tr><tr><td><div class="stacktrace">java.lang.ExceptionInInitializerError
	at base.BaseClass.setup(BaseClass.java:17)
	at java.base/java.util.concurrent.ThreadPoolExecutor.runWorker(ThreadPoolExecutor.java:1144)
	at java.base/java.util.concurrent.ThreadPoolExecutor$Worker.run(ThreadPoolExecutor.java:642)
	at java.base/java.lang.Thread.run(Thread.java:1623)
Caused by: java.lang.IllegalArgumentException: Platform not specified. Please set the &apos;platform&apos; environment variable.
	at commonUtilities.ConfigReader.&lt;clinit&gt;(ConfigReader.java:19)
	... 18 more
... Removed 14 stack frames</div></td></tr></table><p class="totop"><a href="#summary">back to summary</a></p>
<h3 id="m10">webTests.VerifyAllItemsDisplayed#VerifyAllItemsDisplayedTest</h3><table class="result"><tr><th>Exception</th></tr><tr><td><div class="stacktrace">java.lang.NoClassDefFoundError: Could not initialize class commonUtilities.ConfigReader
	at base.BaseClass.setup(BaseClass.java:17)
	at java.base/java.util.concurrent.ThreadPoolExecutor.runWorker(ThreadPoolExecutor.java:1144)
	at java.base/java.util.concurrent.ThreadPoolExecutor$Worker.run(ThreadPoolExecutor.java:642)
	at java.base/java.lang.Thread.run(Thread.java:1623)
Caused by: java.lang.ExceptionInInitializerError: Exception java.lang.IllegalArgumentException: Platform not specified. Please set the &apos;platform&apos; environment variable. [in thread &quot;TestNG-test=Test-2&quot;]
	at commonUtilities.ConfigReader.&lt;clinit&gt;(ConfigReader.java:19)
	... 18 more
... Removed 14 stack frames</div></td></tr></table><p class="totop"><a href="#summary">back to summary</a></p>
<h3 id="m11">webTests.VerifyProductPopupAndReview#VerifyProductPopupAndReviewTest</h3><table class="result"><tr><th>Exception</th></tr><tr><td><div class="stacktrace">java.lang.NoClassDefFoundError: Could not initialize class commonUtilities.ConfigReader
	at base.BaseClass.setup(BaseClass.java:17)
	at java.base/java.util.concurrent.ThreadPoolExecutor.runWorker(ThreadPoolExecutor.java:1144)
	at java.base/java.util.concurrent.ThreadPoolExecutor$Worker.run(ThreadPoolExecutor.java:642)
	at java.base/java.lang.Thread.run(Thread.java:1623)
Caused by: java.lang.ExceptionInInitializerError: Exception java.lang.IllegalArgumentException: Platform not specified. Please set the &apos;platform&apos; environment variable. [in thread &quot;TestNG-test=Test-2&quot;]
	at commonUtilities.ConfigReader.&lt;clinit&gt;(ConfigReader.java:19)
	... 18 more
... Removed 14 stack frames</div></td></tr></table><p class="totop"><a href="#summary">back to summary</a></p>
</body>
</html>
