<html>
<head>
<title>TestNG:  Test</title>
<link href="../testng.css" rel="stylesheet" type="text/css" />
<link href="../my-testng.css" rel="stylesheet" type="text/css" />

<style type="text/css">
.log { display: none;} 
.stack-trace { display: none;} 
</style>
<script type="text/javascript">
<!--
function flip(e) {
  current = e.style.display;
  if (current == 'block') {
    e.style.display = 'none';
    return 0;
  }
  else {
    e.style.display = 'block';
    return 1;
  }
}

function toggleBox(szDivId, elem, msg1, msg2)
{
  var res = -1;  if (document.getElementById) {
    res = flip(document.getElementById(szDivId));
  }
  else if (document.all) {
    // this is the way old msie versions work
    res = flip(document.all[szDivId]);
  }
  if(elem) {
    if(res == 0) elem.innerHTML = msg1; else elem.innerHTML = msg2;
  }

}

function toggleAllBoxes() {
  if (document.getElementsByTagName) {
    d = document.getElementsByTagName('div');
    for (i = 0; i < d.length; i++) {
      if (d[i].className == 'log') {
        flip(d[i]);
      }
    }
  }
}

// -->
</script>

</head>
<body>
<h2 align='center'>Test</h2><table border='1' align="center">
<tr>
<td>Tests passed/Failed/Skipped:</td><td>0/0/4</td>
</tr><tr>
<td>Started on:</td><td>Sun Dec 01 17:13:25 IST 2024</td>
</tr>
<tr><td>Total time:</td><td>0 seconds (85 ms)</td>
</tr><tr>
<td>Included groups:</td><td></td>
</tr><tr>
<td>Excluded groups:</td><td></td>
</tr>
</table><p/>
<small><i>(Hover the method name to see the test class name)</i></small><p/>
<table width='100%' border='1' class='invocation-failed'>
<tr><td colspan='4' align='center'><b>FAILED CONFIGURATIONS</b></td></tr>
<tr><td><b>Test method</b></td>
<td width="30%"><b>Exception</b></td>
<td width="10%"><b>Time (seconds)</b></td>
<td><b>Instance</b></td>
</tr>
<tr>
<td title='webTests.VerifyAllItemsDisplayed.setup()'><b>setup</b><br>Test class: webTests.VerifyAllItemsDisplayed</td>
<td><div><pre>java.lang.NoClassDefFoundError: Could not initialize class commonUtilities.ConfigReader
	at base.BaseClass.setup(BaseClass.java:17)
	at java.base/java.util.concurrent.ThreadPoolExecutor.runWorker(ThreadPoolExecutor.java:1144)
	at java.base/java.util.concurrent.ThreadPoolExecutor$Worker.run(ThreadPoolExecutor.java:642)
	at java.base/java.lang.Thread.run(Thread.java:1623)
Caused by: java.lang.ExceptionInInitializerError: Exception java.lang.IllegalArgumentException: Platform not specified. Please set the &apos;platform&apos; environment variable. [in thread &quot;TestNG-test=Test-2&quot;]
	at commonUtilities.ConfigReader.&lt;clinit&gt;(ConfigReader.java:19)
	... 18 more
... Removed 14 stack frames</pre></div><a href='#' onClick='toggleBox("stack-trace910698154", this, "Click to show all stack frames", "Click to hide stack frames")'>Click to show all stack frames</a>
<div class='stack-trace' id='stack-trace910698154'><pre>java.lang.NoClassDefFoundError: Could not initialize class commonUtilities.ConfigReader
	at base.BaseClass.setup(BaseClass.java:17)
	at java.base/jdk.internal.reflect.DirectMethodHandleAccessor.invoke(DirectMethodHandleAccessor.java:104)
	at java.base/java.lang.reflect.Method.invoke(Method.java:578)
	at org.testng.internal.MethodInvocationHelper.invokeMethod(MethodInvocationHelper.java:133)
	at org.testng.internal.MethodInvocationHelper.invokeMethodConsideringTimeout(MethodInvocationHelper.java:62)
	at org.testng.internal.ConfigInvoker.invokeConfigurationMethod(ConfigInvoker.java:385)
	at org.testng.internal.ConfigInvoker.invokeConfigurations(ConfigInvoker.java:321)
	at org.testng.internal.TestInvoker.runConfigMethods(TestInvoker.java:700)
	at org.testng.internal.TestInvoker.invokeMethod(TestInvoker.java:527)
	at org.testng.internal.TestInvoker.invokeTestMethod(TestInvoker.java:173)
	at org.testng.internal.MethodRunner.runInSequence(MethodRunner.java:46)
	at org.testng.internal.TestInvoker$MethodInvocationAgent.invoke(TestInvoker.java:824)
	at org.testng.internal.TestInvoker.invokeTestMethods(TestInvoker.java:146)
	at org.testng.internal.TestMethodWorker.invokeTestMethods(TestMethodWorker.java:146)
	at org.testng.internal.TestMethodWorker.run(TestMethodWorker.java:128)
	at java.base/java.util.concurrent.ThreadPoolExecutor.runWorker(ThreadPoolExecutor.java:1144)
	at java.base/java.util.concurrent.ThreadPoolExecutor$Worker.run(ThreadPoolExecutor.java:642)
	at java.base/java.lang.Thread.run(Thread.java:1623)
Caused by: java.lang.ExceptionInInitializerError: Exception java.lang.IllegalArgumentException: Platform not specified. Please set the &apos;platform&apos; environment variable. [in thread &quot;TestNG-test=Test-2&quot;]
	at commonUtilities.ConfigReader.&lt;clinit&gt;(ConfigReader.java:19)
	... 18 more
</pre></div></td>
<td>0</td>
<td>webTests.VerifyAllItemsDisplayed@6f96c77</td></tr>
<tr>
<td title='webTests.RegistrationFlow.setup()'><b>setup</b><br>Test class: webTests.RegistrationFlow</td>
<td><div><pre>java.lang.ExceptionInInitializerError
	at base.BaseClass.setup(BaseClass.java:17)
	at java.base/java.util.concurrent.ThreadPoolExecutor.runWorker(ThreadPoolExecutor.java:1144)
	at java.base/java.util.concurrent.ThreadPoolExecutor$Worker.run(ThreadPoolExecutor.java:642)
	at java.base/java.lang.Thread.run(Thread.java:1623)
Caused by: java.lang.IllegalArgumentException: Platform not specified. Please set the &apos;platform&apos; environment variable.
	at commonUtilities.ConfigReader.&lt;clinit&gt;(ConfigReader.java:19)
	... 18 more
... Removed 14 stack frames</pre></div><a href='#' onClick='toggleBox("stack-trace784893085", this, "Click to show all stack frames", "Click to hide stack frames")'>Click to show all stack frames</a>
<div class='stack-trace' id='stack-trace784893085'><pre>java.lang.ExceptionInInitializerError
	at base.BaseClass.setup(BaseClass.java:17)
	at java.base/jdk.internal.reflect.DirectMethodHandleAccessor.invoke(DirectMethodHandleAccessor.java:104)
	at java.base/java.lang.reflect.Method.invoke(Method.java:578)
	at org.testng.internal.MethodInvocationHelper.invokeMethod(MethodInvocationHelper.java:133)
	at org.testng.internal.MethodInvocationHelper.invokeMethodConsideringTimeout(MethodInvocationHelper.java:62)
	at org.testng.internal.ConfigInvoker.invokeConfigurationMethod(ConfigInvoker.java:385)
	at org.testng.internal.ConfigInvoker.invokeConfigurations(ConfigInvoker.java:321)
	at org.testng.internal.TestInvoker.runConfigMethods(TestInvoker.java:700)
	at org.testng.internal.TestInvoker.invokeMethod(TestInvoker.java:527)
	at org.testng.internal.TestInvoker.invokeTestMethod(TestInvoker.java:173)
	at org.testng.internal.MethodRunner.runInSequence(MethodRunner.java:46)
	at org.testng.internal.TestInvoker$MethodInvocationAgent.invoke(TestInvoker.java:824)
	at org.testng.internal.TestInvoker.invokeTestMethods(TestInvoker.java:146)
	at org.testng.internal.TestMethodWorker.invokeTestMethods(TestMethodWorker.java:146)
	at org.testng.internal.TestMethodWorker.run(TestMethodWorker.java:128)
	at java.base/java.util.concurrent.ThreadPoolExecutor.runWorker(ThreadPoolExecutor.java:1144)
	at java.base/java.util.concurrent.ThreadPoolExecutor$Worker.run(ThreadPoolExecutor.java:642)
	at java.base/java.lang.Thread.run(Thread.java:1623)
Caused by: java.lang.IllegalArgumentException: Platform not specified. Please set the &apos;platform&apos; environment variable.
	at commonUtilities.ConfigReader.&lt;clinit&gt;(ConfigReader.java:19)
	... 18 more
</pre></div></td>
<td>0</td>
<td>webTests.RegistrationFlow@5ae50ce6</td></tr>
<tr>
<td title='webTests.CompleteFlow.setup()'><b>setup</b><br>Test class: webTests.CompleteFlow</td>
<td><div><pre>java.lang.NoClassDefFoundError: Could not initialize class commonUtilities.ConfigReader
	at base.BaseClass.setup(BaseClass.java:17)
	at java.base/java.util.concurrent.ThreadPoolExecutor.runWorker(ThreadPoolExecutor.java:1144)
	at java.base/java.util.concurrent.ThreadPoolExecutor$Worker.run(ThreadPoolExecutor.java:642)
	at java.base/java.lang.Thread.run(Thread.java:1623)
Caused by: java.lang.ExceptionInInitializerError: Exception java.lang.IllegalArgumentException: Platform not specified. Please set the &apos;platform&apos; environment variable. [in thread &quot;TestNG-test=Test-2&quot;]
	at commonUtilities.ConfigReader.&lt;clinit&gt;(ConfigReader.java:19)
	... 18 more
... Removed 14 stack frames</pre></div><a href='#' onClick='toggleBox("stack-trace1949451589", this, "Click to show all stack frames", "Click to hide stack frames")'>Click to show all stack frames</a>
<div class='stack-trace' id='stack-trace1949451589'><pre>java.lang.NoClassDefFoundError: Could not initialize class commonUtilities.ConfigReader
	at base.BaseClass.setup(BaseClass.java:17)
	at java.base/jdk.internal.reflect.DirectMethodHandleAccessor.invoke(DirectMethodHandleAccessor.java:104)
	at java.base/java.lang.reflect.Method.invoke(Method.java:578)
	at org.testng.internal.MethodInvocationHelper.invokeMethod(MethodInvocationHelper.java:133)
	at org.testng.internal.MethodInvocationHelper.invokeMethodConsideringTimeout(MethodInvocationHelper.java:62)
	at org.testng.internal.ConfigInvoker.invokeConfigurationMethod(ConfigInvoker.java:385)
	at org.testng.internal.ConfigInvoker.invokeConfigurations(ConfigInvoker.java:321)
	at org.testng.internal.TestInvoker.runConfigMethods(TestInvoker.java:700)
	at org.testng.internal.TestInvoker.invokeMethod(TestInvoker.java:527)
	at org.testng.internal.TestInvoker.invokeTestMethod(TestInvoker.java:173)
	at org.testng.internal.MethodRunner.runInSequence(MethodRunner.java:46)
	at org.testng.internal.TestInvoker$MethodInvocationAgent.invoke(TestInvoker.java:824)
	at org.testng.internal.TestInvoker.invokeTestMethods(TestInvoker.java:146)
	at org.testng.internal.TestMethodWorker.invokeTestMethods(TestMethodWorker.java:146)
	at org.testng.internal.TestMethodWorker.run(TestMethodWorker.java:128)
	at java.base/java.util.concurrent.ThreadPoolExecutor.runWorker(ThreadPoolExecutor.java:1144)
	at java.base/java.util.concurrent.ThreadPoolExecutor$Worker.run(ThreadPoolExecutor.java:642)
	at java.base/java.lang.Thread.run(Thread.java:1623)
Caused by: java.lang.ExceptionInInitializerError: Exception java.lang.IllegalArgumentException: Platform not specified. Please set the &apos;platform&apos; environment variable. [in thread &quot;TestNG-test=Test-2&quot;]
	at commonUtilities.ConfigReader.&lt;clinit&gt;(ConfigReader.java:19)
	... 18 more
</pre></div></td>
<td>0</td>
<td>webTests.CompleteFlow@20d28811</td></tr>
<tr>
<td title='webTests.VerifyProductPopupAndReview.setup()'><b>setup</b><br>Test class: webTests.VerifyProductPopupAndReview</td>
<td><div><pre>java.lang.NoClassDefFoundError: Could not initialize class commonUtilities.ConfigReader
	at base.BaseClass.setup(BaseClass.java:17)
	at java.base/java.util.concurrent.ThreadPoolExecutor.runWorker(ThreadPoolExecutor.java:1144)
	at java.base/java.util.concurrent.ThreadPoolExecutor$Worker.run(ThreadPoolExecutor.java:642)
	at java.base/java.lang.Thread.run(Thread.java:1623)
Caused by: java.lang.ExceptionInInitializerError: Exception java.lang.IllegalArgumentException: Platform not specified. Please set the &apos;platform&apos; environment variable. [in thread &quot;TestNG-test=Test-2&quot;]
	at commonUtilities.ConfigReader.&lt;clinit&gt;(ConfigReader.java:19)
	... 18 more
... Removed 14 stack frames</pre></div><a href='#' onClick='toggleBox("stack-trace1336829929", this, "Click to show all stack frames", "Click to hide stack frames")'>Click to show all stack frames</a>
<div class='stack-trace' id='stack-trace1336829929'><pre>java.lang.NoClassDefFoundError: Could not initialize class commonUtilities.ConfigReader
	at base.BaseClass.setup(BaseClass.java:17)
	at java.base/jdk.internal.reflect.DirectMethodHandleAccessor.invoke(DirectMethodHandleAccessor.java:104)
	at java.base/java.lang.reflect.Method.invoke(Method.java:578)
	at org.testng.internal.MethodInvocationHelper.invokeMethod(MethodInvocationHelper.java:133)
	at org.testng.internal.MethodInvocationHelper.invokeMethodConsideringTimeout(MethodInvocationHelper.java:62)
	at org.testng.internal.ConfigInvoker.invokeConfigurationMethod(ConfigInvoker.java:385)
	at org.testng.internal.ConfigInvoker.invokeConfigurations(ConfigInvoker.java:321)
	at org.testng.internal.TestInvoker.runConfigMethods(TestInvoker.java:700)
	at org.testng.internal.TestInvoker.invokeMethod(TestInvoker.java:527)
	at org.testng.internal.TestInvoker.invokeTestMethod(TestInvoker.java:173)
	at org.testng.internal.MethodRunner.runInSequence(MethodRunner.java:46)
	at org.testng.internal.TestInvoker$MethodInvocationAgent.invoke(TestInvoker.java:824)
	at org.testng.internal.TestInvoker.invokeTestMethods(TestInvoker.java:146)
	at org.testng.internal.TestMethodWorker.invokeTestMethods(TestMethodWorker.java:146)
	at org.testng.internal.TestMethodWorker.run(TestMethodWorker.java:128)
	at java.base/java.util.concurrent.ThreadPoolExecutor.runWorker(ThreadPoolExecutor.java:1144)
	at java.base/java.util.concurrent.ThreadPoolExecutor$Worker.run(ThreadPoolExecutor.java:642)
	at java.base/java.lang.Thread.run(Thread.java:1623)
Caused by: java.lang.ExceptionInInitializerError: Exception java.lang.IllegalArgumentException: Platform not specified. Please set the &apos;platform&apos; environment variable. [in thread &quot;TestNG-test=Test-2&quot;]
	at commonUtilities.ConfigReader.&lt;clinit&gt;(ConfigReader.java:19)
	... 18 more
</pre></div></td>
<td>0</td>
<td>webTests.VerifyProductPopupAndReview@be64738</td></tr>
</table><p>
<table width='100%' border='1' class='invocation-skipped'>
<tr><td colspan='4' align='center'><b>SKIPPED CONFIGURATIONS</b></td></tr>
<tr><td><b>Test method</b></td>
<td width="30%"><b>Exception</b></td>
<td width="10%"><b>Time (seconds)</b></td>
<td><b>Instance</b></td>
</tr>
<tr>
<td title='webTests.CompleteFlow.teardown()'><b>teardown</b><br>Test class: webTests.CompleteFlow</td>
<td></td>
<td>-1733053405</td>
<td>webTests.CompleteFlow@20d28811</td></tr>
<tr>
<td title='webTests.RegistrationFlow.teardown()'><b>teardown</b><br>Test class: webTests.RegistrationFlow</td>
<td></td>
<td>-1733053405</td>
<td>webTests.RegistrationFlow@5ae50ce6</td></tr>
<tr>
<td title='webTests.VerifyProductPopupAndReview.teardown()'><b>teardown</b><br>Test class: webTests.VerifyProductPopupAndReview</td>
<td></td>
<td>-1733053405</td>
<td>webTests.VerifyProductPopupAndReview@be64738</td></tr>
<tr>
<td title='webTests.VerifyAllItemsDisplayed.teardown()'><b>teardown</b><br>Test class: webTests.VerifyAllItemsDisplayed</td>
<td></td>
<td>-1733053405</td>
<td>webTests.VerifyAllItemsDisplayed@6f96c77</td></tr>
</table><p>
<table width='100%' border='1' class='invocation-skipped'>
<tr><td colspan='4' align='center'><b>SKIPPED TESTS</b></td></tr>
<tr><td><b>Test method</b></td>
<td width="30%"><b>Exception</b></td>
<td width="10%"><b>Time (seconds)</b></td>
<td><b>Instance</b></td>
</tr>
<tr>
<td title='webTests.RegistrationFlow.RegistrationFlowTest()'><b>RegistrationFlowTest</b><br>Test class: webTests.RegistrationFlow</td>
<td><div><pre>java.lang.ExceptionInInitializerError
	at base.BaseClass.setup(BaseClass.java:17)
	at java.base/java.util.concurrent.ThreadPoolExecutor.runWorker(ThreadPoolExecutor.java:1144)
	at java.base/java.util.concurrent.ThreadPoolExecutor$Worker.run(ThreadPoolExecutor.java:642)
	at java.base/java.lang.Thread.run(Thread.java:1623)
Caused by: java.lang.IllegalArgumentException: Platform not specified. Please set the &apos;platform&apos; environment variable.
	at commonUtilities.ConfigReader.&lt;clinit&gt;(ConfigReader.java:19)
	... 18 more
... Removed 14 stack frames</pre></div><a href='#' onClick='toggleBox("stack-trace899680738", this, "Click to show all stack frames", "Click to hide stack frames")'>Click to show all stack frames</a>
<div class='stack-trace' id='stack-trace899680738'><pre>java.lang.ExceptionInInitializerError
	at base.BaseClass.setup(BaseClass.java:17)
	at java.base/jdk.internal.reflect.DirectMethodHandleAccessor.invoke(DirectMethodHandleAccessor.java:104)
	at java.base/java.lang.reflect.Method.invoke(Method.java:578)
	at org.testng.internal.MethodInvocationHelper.invokeMethod(MethodInvocationHelper.java:133)
	at org.testng.internal.MethodInvocationHelper.invokeMethodConsideringTimeout(MethodInvocationHelper.java:62)
	at org.testng.internal.ConfigInvoker.invokeConfigurationMethod(ConfigInvoker.java:385)
	at org.testng.internal.ConfigInvoker.invokeConfigurations(ConfigInvoker.java:321)
	at org.testng.internal.TestInvoker.runConfigMethods(TestInvoker.java:700)
	at org.testng.internal.TestInvoker.invokeMethod(TestInvoker.java:527)
	at org.testng.internal.TestInvoker.invokeTestMethod(TestInvoker.java:173)
	at org.testng.internal.MethodRunner.runInSequence(MethodRunner.java:46)
	at org.testng.internal.TestInvoker$MethodInvocationAgent.invoke(TestInvoker.java:824)
	at org.testng.internal.TestInvoker.invokeTestMethods(TestInvoker.java:146)
	at org.testng.internal.TestMethodWorker.invokeTestMethods(TestMethodWorker.java:146)
	at org.testng.internal.TestMethodWorker.run(TestMethodWorker.java:128)
	at java.base/java.util.concurrent.ThreadPoolExecutor.runWorker(ThreadPoolExecutor.java:1144)
	at java.base/java.util.concurrent.ThreadPoolExecutor$Worker.run(ThreadPoolExecutor.java:642)
	at java.base/java.lang.Thread.run(Thread.java:1623)
Caused by: java.lang.IllegalArgumentException: Platform not specified. Please set the &apos;platform&apos; environment variable.
	at commonUtilities.ConfigReader.&lt;clinit&gt;(ConfigReader.java:19)
	... 18 more
</pre></div></td>
<td>0</td>
<td>webTests.RegistrationFlow@5ae50ce6</td></tr>
<tr>
<td title='webTests.CompleteFlow.CompleteFlowTest()'><b>CompleteFlowTest</b><br>Test class: webTests.CompleteFlow</td>
<td><div><pre>java.lang.NoClassDefFoundError: Could not initialize class commonUtilities.ConfigReader
	at base.BaseClass.setup(BaseClass.java:17)
	at java.base/java.util.concurrent.ThreadPoolExecutor.runWorker(ThreadPoolExecutor.java:1144)
	at java.base/java.util.concurrent.ThreadPoolExecutor$Worker.run(ThreadPoolExecutor.java:642)
	at java.base/java.lang.Thread.run(Thread.java:1623)
Caused by: java.lang.ExceptionInInitializerError: Exception java.lang.IllegalArgumentException: Platform not specified. Please set the &apos;platform&apos; environment variable. [in thread &quot;TestNG-test=Test-2&quot;]
	at commonUtilities.ConfigReader.&lt;clinit&gt;(ConfigReader.java:19)
	... 18 more
... Removed 14 stack frames</pre></div><a href='#' onClick='toggleBox("stack-trace11403900", this, "Click to show all stack frames", "Click to hide stack frames")'>Click to show all stack frames</a>
<div class='stack-trace' id='stack-trace11403900'><pre>java.lang.NoClassDefFoundError: Could not initialize class commonUtilities.ConfigReader
	at base.BaseClass.setup(BaseClass.java:17)
	at java.base/jdk.internal.reflect.DirectMethodHandleAccessor.invoke(DirectMethodHandleAccessor.java:104)
	at java.base/java.lang.reflect.Method.invoke(Method.java:578)
	at org.testng.internal.MethodInvocationHelper.invokeMethod(MethodInvocationHelper.java:133)
	at org.testng.internal.MethodInvocationHelper.invokeMethodConsideringTimeout(MethodInvocationHelper.java:62)
	at org.testng.internal.ConfigInvoker.invokeConfigurationMethod(ConfigInvoker.java:385)
	at org.testng.internal.ConfigInvoker.invokeConfigurations(ConfigInvoker.java:321)
	at org.testng.internal.TestInvoker.runConfigMethods(TestInvoker.java:700)
	at org.testng.internal.TestInvoker.invokeMethod(TestInvoker.java:527)
	at org.testng.internal.TestInvoker.invokeTestMethod(TestInvoker.java:173)
	at org.testng.internal.MethodRunner.runInSequence(MethodRunner.java:46)
	at org.testng.internal.TestInvoker$MethodInvocationAgent.invoke(TestInvoker.java:824)
	at org.testng.internal.TestInvoker.invokeTestMethods(TestInvoker.java:146)
	at org.testng.internal.TestMethodWorker.invokeTestMethods(TestMethodWorker.java:146)
	at org.testng.internal.TestMethodWorker.run(TestMethodWorker.java:128)
	at java.base/java.util.concurrent.ThreadPoolExecutor.runWorker(ThreadPoolExecutor.java:1144)
	at java.base/java.util.concurrent.ThreadPoolExecutor$Worker.run(ThreadPoolExecutor.java:642)
	at java.base/java.lang.Thread.run(Thread.java:1623)
Caused by: java.lang.ExceptionInInitializerError: Exception java.lang.IllegalArgumentException: Platform not specified. Please set the &apos;platform&apos; environment variable. [in thread &quot;TestNG-test=Test-2&quot;]
	at commonUtilities.ConfigReader.&lt;clinit&gt;(ConfigReader.java:19)
	... 18 more
</pre></div></td>
<td>0</td>
<td>webTests.CompleteFlow@20d28811</td></tr>
<tr>
<td title='webTests.VerifyProductPopupAndReview.VerifyProductPopupAndReviewTest()'><b>VerifyProductPopupAndReviewTest</b><br>Test class: webTests.VerifyProductPopupAndReview</td>
<td><div><pre>java.lang.NoClassDefFoundError: Could not initialize class commonUtilities.ConfigReader
	at base.BaseClass.setup(BaseClass.java:17)
	at java.base/java.util.concurrent.ThreadPoolExecutor.runWorker(ThreadPoolExecutor.java:1144)
	at java.base/java.util.concurrent.ThreadPoolExecutor$Worker.run(ThreadPoolExecutor.java:642)
	at java.base/java.lang.Thread.run(Thread.java:1623)
Caused by: java.lang.ExceptionInInitializerError: Exception java.lang.IllegalArgumentException: Platform not specified. Please set the &apos;platform&apos; environment variable. [in thread &quot;TestNG-test=Test-2&quot;]
	at commonUtilities.ConfigReader.&lt;clinit&gt;(ConfigReader.java:19)
	... 18 more
... Removed 14 stack frames</pre></div><a href='#' onClick='toggleBox("stack-trace1917833369", this, "Click to show all stack frames", "Click to hide stack frames")'>Click to show all stack frames</a>
<div class='stack-trace' id='stack-trace1917833369'><pre>java.lang.NoClassDefFoundError: Could not initialize class commonUtilities.ConfigReader
	at base.BaseClass.setup(BaseClass.java:17)
	at java.base/jdk.internal.reflect.DirectMethodHandleAccessor.invoke(DirectMethodHandleAccessor.java:104)
	at java.base/java.lang.reflect.Method.invoke(Method.java:578)
	at org.testng.internal.MethodInvocationHelper.invokeMethod(MethodInvocationHelper.java:133)
	at org.testng.internal.MethodInvocationHelper.invokeMethodConsideringTimeout(MethodInvocationHelper.java:62)
	at org.testng.internal.ConfigInvoker.invokeConfigurationMethod(ConfigInvoker.java:385)
	at org.testng.internal.ConfigInvoker.invokeConfigurations(ConfigInvoker.java:321)
	at org.testng.internal.TestInvoker.runConfigMethods(TestInvoker.java:700)
	at org.testng.internal.TestInvoker.invokeMethod(TestInvoker.java:527)
	at org.testng.internal.TestInvoker.invokeTestMethod(TestInvoker.java:173)
	at org.testng.internal.MethodRunner.runInSequence(MethodRunner.java:46)
	at org.testng.internal.TestInvoker$MethodInvocationAgent.invoke(TestInvoker.java:824)
	at org.testng.internal.TestInvoker.invokeTestMethods(TestInvoker.java:146)
	at org.testng.internal.TestMethodWorker.invokeTestMethods(TestMethodWorker.java:146)
	at org.testng.internal.TestMethodWorker.run(TestMethodWorker.java:128)
	at java.base/java.util.concurrent.ThreadPoolExecutor.runWorker(ThreadPoolExecutor.java:1144)
	at java.base/java.util.concurrent.ThreadPoolExecutor$Worker.run(ThreadPoolExecutor.java:642)
	at java.base/java.lang.Thread.run(Thread.java:1623)
Caused by: java.lang.ExceptionInInitializerError: Exception java.lang.IllegalArgumentException: Platform not specified. Please set the &apos;platform&apos; environment variable. [in thread &quot;TestNG-test=Test-2&quot;]
	at commonUtilities.ConfigReader.&lt;clinit&gt;(ConfigReader.java:19)
	... 18 more
</pre></div></td>
<td>0</td>
<td>webTests.VerifyProductPopupAndReview@be64738</td></tr>
<tr>
<td title='webTests.VerifyAllItemsDisplayed.VerifyAllItemsDisplayedTest()'><b>VerifyAllItemsDisplayedTest</b><br>Test class: webTests.VerifyAllItemsDisplayed</td>
<td><div><pre>java.lang.NoClassDefFoundError: Could not initialize class commonUtilities.ConfigReader
	at base.BaseClass.setup(BaseClass.java:17)
	at java.base/java.util.concurrent.ThreadPoolExecutor.runWorker(ThreadPoolExecutor.java:1144)
	at java.base/java.util.concurrent.ThreadPoolExecutor$Worker.run(ThreadPoolExecutor.java:642)
	at java.base/java.lang.Thread.run(Thread.java:1623)
Caused by: java.lang.ExceptionInInitializerError: Exception java.lang.IllegalArgumentException: Platform not specified. Please set the &apos;platform&apos; environment variable. [in thread &quot;TestNG-test=Test-2&quot;]
	at commonUtilities.ConfigReader.&lt;clinit&gt;(ConfigReader.java:19)
	... 18 more
... Removed 14 stack frames</pre></div><a href='#' onClick='toggleBox("stack-trace1295433169", this, "Click to show all stack frames", "Click to hide stack frames")'>Click to show all stack frames</a>
<div class='stack-trace' id='stack-trace1295433169'><pre>java.lang.NoClassDefFoundError: Could not initialize class commonUtilities.ConfigReader
	at base.BaseClass.setup(BaseClass.java:17)
	at java.base/jdk.internal.reflect.DirectMethodHandleAccessor.invoke(DirectMethodHandleAccessor.java:104)
	at java.base/java.lang.reflect.Method.invoke(Method.java:578)
	at org.testng.internal.MethodInvocationHelper.invokeMethod(MethodInvocationHelper.java:133)
	at org.testng.internal.MethodInvocationHelper.invokeMethodConsideringTimeout(MethodInvocationHelper.java:62)
	at org.testng.internal.ConfigInvoker.invokeConfigurationMethod(ConfigInvoker.java:385)
	at org.testng.internal.ConfigInvoker.invokeConfigurations(ConfigInvoker.java:321)
	at org.testng.internal.TestInvoker.runConfigMethods(TestInvoker.java:700)
	at org.testng.internal.TestInvoker.invokeMethod(TestInvoker.java:527)
	at org.testng.internal.TestInvoker.invokeTestMethod(TestInvoker.java:173)
	at org.testng.internal.MethodRunner.runInSequence(MethodRunner.java:46)
	at org.testng.internal.TestInvoker$MethodInvocationAgent.invoke(TestInvoker.java:824)
	at org.testng.internal.TestInvoker.invokeTestMethods(TestInvoker.java:146)
	at org.testng.internal.TestMethodWorker.invokeTestMethods(TestMethodWorker.java:146)
	at org.testng.internal.TestMethodWorker.run(TestMethodWorker.java:128)
	at java.base/java.util.concurrent.ThreadPoolExecutor.runWorker(ThreadPoolExecutor.java:1144)
	at java.base/java.util.concurrent.ThreadPoolExecutor$Worker.run(ThreadPoolExecutor.java:642)
	at java.base/java.lang.Thread.run(Thread.java:1623)
Caused by: java.lang.ExceptionInInitializerError: Exception java.lang.IllegalArgumentException: Platform not specified. Please set the &apos;platform&apos; environment variable. [in thread &quot;TestNG-test=Test-2&quot;]
	at commonUtilities.ConfigReader.&lt;clinit&gt;(ConfigReader.java:19)
	... 18 more
</pre></div></td>
<td>0</td>
<td>webTests.VerifyAllItemsDisplayed@6f96c77</td></tr>
</table><p>
</body>
</html>