<?xml version="1.0" encoding="UTF-8"?>
<!-- Generated by org.testng.reporters.JUnitXMLReporter -->
<testsuite ignored="0" hostname="Mohds-MacBook-Air.local" failures="0" tests="4" name="Test" time="0.085" errors="0" timestamp="2024-12-01T17:13:25 IST">
  <testcase classname="base.BaseClass" name="@BeforeMethod setup" time="0.01">
    <failure type="java.lang.NoClassDefFoundError" message="Could not initialize class commonUtilities.ConfigReader">
      <![CDATA[java.lang.NoClassDefFoundError: Could not initialize class commonUtilities.ConfigReader
at base.BaseClass.setup(BaseClass.java:17)
at java.base/java.util.concurrent.ThreadPoolExecutor.runWorker(ThreadPoolExecutor.java:1144)
at java.base/java.util.concurrent.ThreadPoolExecutor$Worker.run(ThreadPoolExecutor.java:642)
at java.base/java.lang.Thread.run(Thread.java:1623)
Caused by: java.lang.ExceptionInInitializerError: Exception java.lang.IllegalArgumentException: Platform not specified. Please set the 'platform' environment variable. [in thread "TestNG-test=Test-2"]
at commonUtilities.ConfigReader.<clinit>(ConfigReader.java:19)
... 18 more
... Removed 14 stack frames]]>
    </failure>
  </testcase> <!-- @BeforeMethod setup -->
  <testcase classname="base.BaseClass" name="@BeforeMethod setup" time="0.01">
    <failure type="java.lang.NoClassDefFoundError" message="Could not initialize class commonUtilities.ConfigReader">
      <![CDATA[java.lang.NoClassDefFoundError: Could not initialize class commonUtilities.ConfigReader
at base.BaseClass.setup(BaseClass.java:17)
at java.base/java.util.concurrent.ThreadPoolExecutor.runWorker(ThreadPoolExecutor.java:1144)
at java.base/java.util.concurrent.ThreadPoolExecutor$Worker.run(ThreadPoolExecutor.java:642)
at java.base/java.lang.Thread.run(Thread.java:1623)
Caused by: java.lang.ExceptionInInitializerError: Exception java.lang.IllegalArgumentException: Platform not specified. Please set the 'platform' environment variable. [in thread "TestNG-test=Test-2"]
at commonUtilities.ConfigReader.<clinit>(ConfigReader.java:19)
... 18 more
... Removed 14 stack frames]]>
    </failure>
  </testcase> <!-- @BeforeMethod setup -->
  <testcase classname="base.BaseClass" name="@BeforeMethod setup" time="0.01">
    <failure type="java.lang.NoClassDefFoundError" message="Could not initialize class commonUtilities.ConfigReader">
      <![CDATA[java.lang.NoClassDefFoundError: Could not initialize class commonUtilities.ConfigReader
at base.BaseClass.setup(BaseClass.java:17)
at java.base/java.util.concurrent.ThreadPoolExecutor.runWorker(ThreadPoolExecutor.java:1144)
at java.base/java.util.concurrent.ThreadPoolExecutor$Worker.run(ThreadPoolExecutor.java:642)
at java.base/java.lang.Thread.run(Thread.java:1623)
Caused by: java.lang.ExceptionInInitializerError: Exception java.lang.IllegalArgumentException: Platform not specified. Please set the 'platform' environment variable. [in thread "TestNG-test=Test-2"]
at commonUtilities.ConfigReader.<clinit>(ConfigReader.java:19)
... 18 more
... Removed 14 stack frames]]>
    </failure>
  </testcase> <!-- @BeforeMethod setup -->
  <testcase classname="base.BaseClass" name="@BeforeMethod setup" time="0.01">
    <failure type="java.lang.ExceptionInInitializerError">
      <![CDATA[java.lang.ExceptionInInitializerError
at base.BaseClass.setup(BaseClass.java:17)
at java.base/java.util.concurrent.ThreadPoolExecutor.runWorker(ThreadPoolExecutor.java:1144)
at java.base/java.util.concurrent.ThreadPoolExecutor$Worker.run(ThreadPoolExecutor.java:642)
at java.base/java.lang.Thread.run(Thread.java:1623)
Caused by: java.lang.IllegalArgumentException: Platform not specified. Please set the 'platform' environment variable.
at commonUtilities.ConfigReader.<clinit>(ConfigReader.java:19)
... 18 more
... Removed 14 stack frames]]>
    </failure>
  </testcase> <!-- @BeforeMethod setup -->
  <testcase classname="base.BaseClass" name="@AfterMethod teardown" time="-1.733053405292E9">
    <skipped/>
  </testcase> <!-- @AfterMethod teardown -->
  <testcase classname="base.BaseClass" name="@AfterMethod teardown" time="-1.733053405297E9">
    <skipped/>
  </testcase> <!-- @AfterMethod teardown -->
  <testcase classname="base.BaseClass" name="@AfterMethod teardown" time="-1.733053405302E9">
    <skipped/>
  </testcase> <!-- @AfterMethod teardown -->
  <testcase classname="base.BaseClass" name="@AfterMethod teardown" time="-1.733053405303E9">
    <skipped/>
  </testcase> <!-- @AfterMethod teardown -->
  <testcase classname="webTests.RegistrationFlow" name="RegistrationFlowTest" time="0.0">
    <skipped/>
  </testcase> <!-- RegistrationFlowTest -->
  <testcase classname="webTests.VerifyAllItemsDisplayed" name="VerifyAllItemsDisplayedTest" time="0.0">
    <skipped/>
  </testcase> <!-- VerifyAllItemsDisplayedTest -->
  <testcase classname="webTests.VerifyProductPopupAndReview" name="VerifyProductPopupAndReviewTest" time="0.0">
    <skipped/>
  </testcase> <!-- VerifyProductPopupAndReviewTest -->
  <testcase classname="webTests.CompleteFlow" name="CompleteFlowTest" time="0.0">
    <skipped/>
  </testcase> <!-- CompleteFlowTest -->
</testsuite> <!-- Test -->
